\BOOKMARK [1][-]{section.1}{Tabla de datos de residencia profesional}{}% 1
\BOOKMARK [1][-]{section.2}{Carta de aceptaci\363n}{}% 2
\BOOKMARK [1][-]{section.3}{Carta de finalizaci\363n}{}% 3
\BOOKMARK [1][-]{section.4}{Introducci\363n}{}% 4
\BOOKMARK [1][-]{section.5}{Justificaci\363n}{}% 5
\BOOKMARK [1][-]{section.6}{Objetivos}{}% 6
\BOOKMARK [2][-]{subsection.6.1}{Objetivo General}{section.6}% 7
\BOOKMARK [2][-]{subsection.6.2}{Objetivos espec\355ficos}{section.6}% 8
\BOOKMARK [1][-]{section.7}{Caracterizaci\363n del lugar de trabajo}{}% 9
\BOOKMARK [1][-]{section.8}{Alcances y limitaciones de proyecto}{}% 10
\BOOKMARK [1][-]{section.9}{Fundamento te\363rico}{}% 11
\BOOKMARK [2][-]{subsection.9.1}{Sistemas embebidos}{section.9}% 12
\BOOKMARK [3][-]{subsubsection.9.1.1}{Componentes de un sistema embebido}{subsection.9.1}% 13
\BOOKMARK [3][-]{subsubsection.9.1.2}{Arduino}{subsection.9.1}% 14
\BOOKMARK [3][-]{subsubsection.9.1.3}{Raspberry Pi}{subsection.9.1}% 15
\BOOKMARK [3][-]{subsubsection.9.1.4}{ESP32}{subsection.9.1}% 16
\BOOKMARK [2][-]{subsection.9.2}{Sensores Industriales}{section.9}% 17
\BOOKMARK [3][-]{subsubsection.9.2.1}{Encoder}{subsection.9.2}% 18
\BOOKMARK [4][-]{paragraph.9.2.1.1}{Funcionamiento}{subsubsection.9.2.1}% 19
\BOOKMARK [4][-]{paragraph.9.2.1.2}{Tipos de encoder}{subsubsection.9.2.1}% 20
\BOOKMARK [3][-]{subsubsection.9.2.2}{Sensor de par y torsi\363n}{subsection.9.2}% 21
\BOOKMARK [4][-]{paragraph.9.2.2.1}{Sensores de reacci\363n}{subsubsection.9.2.2}% 22
\BOOKMARK [4][-]{paragraph.9.2.2.2}{Sensores de torque rotatorios}{subsubsection.9.2.2}% 23
\BOOKMARK [4][-]{paragraph.9.2.2.3}{Rotatorios de contacto}{subsubsection.9.2.2}% 24
\BOOKMARK [4][-]{paragraph.9.2.2.4}{Rotatorios de no contacto}{subsubsection.9.2.2}% 25
\BOOKMARK [2][-]{subsection.9.3}{Protocolos de comunicaci\363n industrial}{section.9}% 26
\BOOKMARK [3][-]{subsubsection.9.3.1}{DeviceNet}{subsection.9.3}% 27
\BOOKMARK [3][-]{subsubsection.9.3.2}{Modbus TCP/IP}{subsection.9.3}% 28
\BOOKMARK [3][-]{subsubsection.9.3.3}{PROFINET}{subsection.9.3}% 29
\BOOKMARK [3][-]{subsubsection.9.3.4}{PROFIBUS}{subsection.9.3}% 30
\BOOKMARK [3][-]{subsubsection.9.3.5}{EtherCAT}{subsection.9.3}% 31
\BOOKMARK [2][-]{subsection.9.4}{Interfaz gr\341fica de usuario}{section.9}% 32
\BOOKMARK [3][-]{subsubsection.9.4.1}{HMI \(Human Machine Interface\)}{subsection.9.4}% 33
\BOOKMARK [4][-]{paragraph.9.4.1.1}{Usos de la HMI}{subsubsection.9.4.1}% 34
\BOOKMARK [4][-]{paragraph.9.4.1.2}{HMI y SCADA}{subsubsection.9.4.1}% 35
\BOOKMARK [4][-]{paragraph.9.4.1.3}{Ventajas de la HMI}{subsubsection.9.4.1}% 36
\BOOKMARK [4][-]{paragraph.9.4.1.4}{El futuro de la HMI}{subsubsection.9.4.1}% 37
\BOOKMARK [2][-]{subsection.9.5}{Servomotores Industriales}{section.9}% 38
\BOOKMARK [3][-]{paragraph.9.5.0.5}{Usos del servomotor}{subsection.9.5}% 39
\BOOKMARK [4][-]{paragraph.9.5.0.6}{Funcionamiento}{paragraph.9.5.0.5}% 40
\BOOKMARK [4][-]{paragraph.9.5.0.7}{Componentes de un servomotor}{paragraph.9.5.0.5}% 41
\BOOKMARK [4][-]{paragraph.9.5.0.8}{Ventajas y desventajas de servomotores}{paragraph.9.5.0.5}% 42
\BOOKMARK [4][-]{paragraph.9.5.0.9}{Aplicaciones}{paragraph.9.5.0.5}% 43
\BOOKMARK [1][-]{section.10}{ Desarrollo de actividades}{}% 44
\BOOKMARK [2][-]{subsection.10.1}{Cronograma de Actividades}{section.10}% 45
\BOOKMARK [2][-]{subsection.10.2}{Definici\363n de proyecto}{section.10}% 46
\BOOKMARK [3][-]{subsubsection.10.2.1}{Modo Motor}{subsection.10.2}% 47
\BOOKMARK [3][-]{subsubsection.10.2.2}{Modo Generador}{subsection.10.2}% 48
\BOOKMARK [3][-]{subsubsection.10.2.3}{Primeras ideas}{subsection.10.2}% 49
\BOOKMARK [2][-]{subsection.10.3}{Reconocimiento de dispositivos}{section.10}% 50
\BOOKMARK [3][-]{subsubsection.10.3.1}{Kollmorgen Servodrive y Servomotor}{subsection.10.3}% 51
\BOOKMARK [3][-]{subsubsection.10.3.2}{Sensor de velocidad y torque Futek }{subsection.10.3}% 52
\BOOKMARK [4][-]{paragraph.10.3.2.1}{Dato de velocidad}{subsubsection.10.3.2}% 53
\BOOKMARK [4][-]{paragraph.10.3.2.2}{Dato de torque}{subsubsection.10.3.2}% 54
\BOOKMARK [3][-]{subsubsection.10.3.3}{Freno industrial Warner Electric }{subsection.10.3}% 55
\BOOKMARK [2][-]{subsection.10.4}{Propuestas de controlador}{section.10}% 56
\BOOKMARK [3][-]{subsubsection.10.4.1}{Raspberry Pi}{subsection.10.4}% 57
\BOOKMARK [3][-]{subsubsection.10.4.2}{Arduino}{subsection.10.4}% 58
\BOOKMARK [2][-]{subsection.10.5}{Propuesta para GUI}{section.10}% 59
\BOOKMARK [2][-]{subsection.10.6}{Diagrama de bloques}{section.10}% 60
\BOOKMARK [2][-]{subsection.10.7}{Desarrollo de comunicaci\363n Kollmorgen Modbus}{section.10}% 61
\BOOKMARK [3][-]{subsubsection.10.7.1}{Lectura del manual de usuario}{subsection.10.7}% 62
\BOOKMARK [3][-]{subsubsection.10.7.2}{Teor\355a b\341sica Modbus TCP/IP}{subsection.10.7}% 63
\BOOKMARK [3][-]{subsubsection.10.7.3}{Pruebas de comunicaci\363n Modbus TCP IP }{subsection.10.7}% 64
\BOOKMARK [3][-]{subsubsection.10.7.4}{Identificaci\363n de registros a implementar en proyecto}{subsection.10.7}% 65
\BOOKMARK [3][-]{subsubsection.10.7.5}{Arduino Modbus TCP/IP}{subsection.10.7}% 66
\BOOKMARK [2][-]{subsection.10.8}{Sensor de torque Futek TRS605}{section.10}% 67
\BOOKMARK [3][-]{subsubsection.10.8.1}{Dato Velocidad }{subsection.10.8}% 68
\BOOKMARK [3][-]{subsubsection.10.8.2}{Dato torque }{subsection.10.8}% 69
\BOOKMARK [2][-]{subsection.10.9}{Freno Industrial Warner Electric}{section.10}% 70
\BOOKMARK [2][-]{subsection.10.10}{Desarrollo de GUI}{section.10}% 71
\BOOKMARK [2][-]{subsection.10.11}{Sistema de control de versiones}{section.10}% 72
\BOOKMARK [1][-]{section.11}{Resultados}{}% 73
\BOOKMARK [2][-]{subsection.11.1}{Inicializaci\363n de aplicaci\363n y pantalla principal}{section.11}% 74
\BOOKMARK [3][-]{subsubsection.11.1.1}{Carpeta de recopilaci\363n de datos}{subsection.11.1}% 75
\BOOKMARK [2][-]{subsection.11.2}{Modo Motor}{section.11}% 76
\BOOKMARK [3][-]{subsubsection.11.2.1}{Vista ventana modo motor}{subsection.11.2}% 77
\BOOKMARK [3][-]{subsubsection.11.2.2}{Modos de operaci\363n Freno Warner Electric}{subsection.11.2}% 78
\BOOKMARK [3][-]{subsubsection.11.2.3}{Inicializar prueba de monitoreo}{subsection.11.2}% 79
\BOOKMARK [3][-]{subsubsection.11.2.4}{Recopilaci\363n de datos Modo Motor}{subsection.11.2}% 80
\BOOKMARK [3][-]{subsubsection.11.2.5}{Seguridad}{subsection.11.2}% 81
\BOOKMARK [2][-]{subsection.11.3}{Modo Generador}{section.11}% 82
\BOOKMARK [3][-]{subsubsection.11.3.1}{Configuracion en pesta\361a ``Service motion''}{subsection.11.3}% 83
\BOOKMARK [3][-]{subsubsection.11.3.2}{Cargar archivos txt file}{subsection.11.3}% 84
\BOOKMARK [3][-]{subsubsection.11.3.3}{Pesta\361a ``Monitor Modbus'' }{subsection.11.3}% 85
\BOOKMARK [3][-]{subsubsection.11.3.4}{Iniciar Prueba}{subsection.11.3}% 86
\BOOKMARK [3][-]{subsubsection.11.3.5}{Seguridad}{subsection.11.3}% 87
\BOOKMARK [3][-]{subsubsection.11.3.6}{Recopilaci\363n de datos}{subsection.11.3}% 88
\BOOKMARK [2][-]{subsection.11.4}{Fotos del proyecto de residencia}{section.11}% 89
\BOOKMARK [1][-]{section.12}{Conclusiones}{}% 90
\BOOKMARK [1][-]{section.13}{Competencias aplicadas y desarrolladas}{}% 91
\BOOKMARK [1][-]{section.14}{Fuentes de informaci\363n}{}% 92
